Application Started
2025-11-20T20:16:33.873Z user logged in
2025-11-20T20:16:54.982Z data fetched2025-11-20T20:17:14.263Z user logged in
2025-11-20T20:17:14.263Z data fetched
 2025-11-20T20:17:38.975Z user logged in
2025-11-20T20:17:38.975Z data fetched
 2025-11-30T12:53:48.168Z user logged in
2025-11-30T12:53:48.169Z data fetched
 2025-11-30T12:54:15.861Z user logged in
2025-11-30T12:54:15.862Z data fetched
 2025-11-30T12:54:58.303Z user logged in
2025-11-30T12:54:58.304Z data fetched
 2025-11-30T12:54:59.877Z user logged in
2025-11-30T12:54:59.878Z data fetched
 2025-11-30T12:55:02.332Z user logged in
2025-11-30T12:55:02.335Z data fetched
 2025-11-30T12:56:07.820Z user logged in
2025-11-30T12:56:07.821Z data fetched
 2025-11-30T12:56:08.944Z user logged in
2025-11-30T12:56:08.952Z data fetched
 2025-11-30T12:56:09.931Z user logged in
2025-11-30T12:56:09.933Z data fetched
 2025-11-30T12:56:11.094Z user logged in
2025-11-30T12:56:11.095Z data fetched